<?xml version="1.0" encoding="UTF-8"?>
<!-- Generated by org.testng.reporters.JUnitXMLReporter -->
<testsuite ignored="0" hostname="DESKTOP-3LQC5PV" failures="1" tests="3" name="mytests" time="14.725" errors="0" timestamp="2023-10-07T20:43:17 IST">
  <testcase classname="day41.OrangehrmTests" name="testLogo" time="3.09"/>
  <testcase classname="day41.OrangehrmTests" name="testAppURL" time="0.0">
    <failure type="org.testng.TestNGException" message="
Cannot inject @Test annotated Method [testAppURL] with [class java.lang.String].
For more information on native dependency injection please refer to https://testng.org/doc/documentation-main.html#native-dependency-injection">
      <![CDATA[org.testng.TestNGException: 
Cannot inject @Test annotated Method [testAppURL] with [class java.lang.String].
For more information on native dependency injection please refer to https://testng.org/doc/documentation-main.html#native-dependency-injection
at java.base/java.util.ArrayList.forEach(ArrayList.java:1511)
... Removed 26 stack frames]]>
    </failure>
  </testcase> <!-- testAppURL -->
  <testcase classname="day41.OrangehrmTests" name="testHomePageTitle" time="0.0">
    <skipped/>
  </testcase> <!-- testHomePageTitle -->
</testsuite> <!-- mytests -->
