<?xml version="1.0" encoding="UTF-8"?>
<!-- Generated by org.testng.reporters.JUnitXMLReporter -->
<testsuite ignored="0" hostname="DESKTOP-3LQC5PV" failures="0" tests="3" name="ChromeTest" time="16.887" errors="0" timestamp="2023-09-04T00:21:15 IST">
  <testcase classname="day40.ParamTest" name="testLogo" time="3.058"/>
  <testcase classname="day40.ParamTest" name="testHomePageTitle" time="0.016"/>
  <testcase classname="day40.ParamTest" name="testAppURL" time="0.031"/>
</testsuite> <!-- ChromeTest -->
