<?xml version="1.0" encoding="UTF-8"?>
<!-- Generated by org.testng.reporters.JUnitXMLReporter -->
<testsuite ignored="0" hostname="DESKTOP-3LQC5PV" failures="0" tests="3" name="EdgeTest" time="14.952" errors="0" timestamp="2023-09-04T00:21:13 IST">
  <testcase classname="day40.ParamTest" name="testLogo" time="3.107"/>
  <testcase classname="day40.ParamTest" name="testHomePageTitle" time="0.023"/>
  <testcase classname="day40.ParamTest" name="testAppURL" time="0.203"/>
</testsuite> <!-- EdgeTest -->
